[debug] [2023-02-05T11:47:20.872Z] ----------------------------------------------------------------------
[debug] [2023-02-05T11:47:20.875Z] Command:       C:\Program Files\nodejs\node.exe C:\Users\DELL\AppData\Roaming\npm\node_modules\firebase-tools\lib\bin\firebase.js init
[debug] [2023-02-05T11:47:20.876Z] CLI Version:   11.22.0
[debug] [2023-02-05T11:47:20.876Z] Platform:      win32
[debug] [2023-02-05T11:47:20.877Z] Node Version:  v18.3.0
[debug] [2023-02-05T11:47:20.878Z] Time:          Sun Feb 05 2023 17:17:20 GMT+0530 (India Standard Time)
[debug] [2023-02-05T11:47:20.878Z] ----------------------------------------------------------------------
[debug] 
[debug] [2023-02-05T11:47:20.888Z] > command requires scopes: ["email","openid","https://www.googleapis.com/auth/cloudplatformprojects.readonly","https://www.googleapis.com/auth/firebase","https://www.googleapis.com/auth/cloud-platform"]
[debug] [2023-02-05T11:47:20.889Z] > authorizing via signed-in user (mrugankkiran@gmail.com)
[info] 
     ######## #### ########  ######## ########     ###     ######  ########
     ##        ##  ##     ## ##       ##     ##  ##   ##  ##       ##
     ######    ##  ########  ######   ########  #########  ######  ######
     ##        ##  ##    ##  ##       ##     ## ##     ##       ## ##
     ##       #### ##     ## ######## ########  ##     ##  ######  ########

You're about to initialize a Firebase project in this directory:

  D:\React Projects\New folder\amso1

[info] 
=== Project Setup
[info] 
[info] First, let's associate this project directory with a Firebase project.
[info] You can create multiple project aliases by running firebase use --add, 
[info] but for now we'll just set up a default project.
[info] 
[debug] [2023-02-05T11:47:28.302Z] > refreshing access token with scopes: []
[debug] [2023-02-05T11:47:28.305Z] >>> [apiv2][query] POST https://www.googleapis.com/oauth2/v3/token [none]
[debug] [2023-02-05T11:47:28.305Z] >>> [apiv2][body] POST https://www.googleapis.com/oauth2/v3/token [omitted]
[debug] [2023-02-05T11:47:28.641Z] <<< [apiv2][status] POST https://www.googleapis.com/oauth2/v3/token 200
[debug] [2023-02-05T11:47:28.641Z] <<< [apiv2][body] POST https://www.googleapis.com/oauth2/v3/token [omitted]
[debug] [2023-02-05T11:47:28.659Z] >>> [apiv2][query] GET https://firebase.googleapis.com/v1beta1/projects pageSize=100
[debug] [2023-02-05T11:47:29.338Z] <<< [apiv2][status] GET https://firebase.googleapis.com/v1beta1/projects 200
[debug] [2023-02-05T11:47:29.338Z] <<< [apiv2][body] GET https://firebase.googleapis.com/v1beta1/projects [omitted]
[info] i  Using project amso-impex (Amso Impex) 
[info] 
=== Hosting Setup
[info] 
[info] Your public directory is the folder (relative to your project directory) that
[info] will contain Hosting assets to be uploaded with firebase deploy. If you
[info] have a build process for your assets, use your build's output directory.
[info] 
